2018-03-12 01:46:57.464	    7f4969bfa780	INFO 	logging	contrib/epee/src/mlog.cpp:180	New log categories: *:WARNING,net:FATAL,net.p2p:FATAL,net.cn:FATAL,global:INFO,verify:FATAL,stacktrace:INFO,logging:INFO,msgwriter:INFO
2018-03-12 01:46:57.464	    7f4969bfa780	INFO 	global	src/daemon/main.cpp:304	Mynt 'Helium Hydra' (v0.11.0.0-0dfbfb2)
2018-03-12 01:46:57.468	    7f4969bfa780	INFO 	global	src/daemon/protocol.h:55	Initializing cryptonote protocol...
2018-03-12 01:46:57.469	    7f4969bfa780	INFO 	global	src/daemon/protocol.h:60	Cryptonote protocol initialized OK
2018-03-12 01:46:57.469	    7f4969bfa780	INFO 	global	src/daemon/p2p.h:63	Initializing p2p server...
2018-03-12 01:47:01.586	    7f4969bfa780	INFO 	global	src/daemon/p2p.h:68	P2p server initialized OK
2018-03-12 01:47:01.587	    7f4969bfa780	INFO 	global	src/daemon/rpc.h:63	Initializing core rpc server...
2018-03-12 01:47:01.587	    7f4969bfa780	INFO 	global	contrib/epee/include/net/http_server_impl_base.h:75	Binding on 127.0.0.1:46091
2018-03-12 01:47:01.587	    7f4969bfa780	INFO 	global	src/daemon/rpc.h:69	core rpc server initialized OK on port: 46091
2018-03-12 01:47:01.588	    7f4969bfa780	INFO 	global	src/daemon/core.h:73	Initializing core...
2018-03-12 01:47:01.588	    7f4969bfa780	INFO 	global	src/cryptonote_core/cryptonote_core.cpp:394	Loading blockchain from folder /root/.flyt/lmdb ...
2018-03-12 01:47:01.589	    7f4969bfa780	WARN 	blockchain.db.lmdb	src/blockchain_db/lmdb/db_lmdb.cpp:74	Error attempting to retrieve a hard fork version at height 0 from the db: MDB_NOTFOUND: No matching key/data pair found
2018-03-12 01:47:01.589	    7f4969bfa780	INFO 	stacktrace	src/common/stack_trace.cpp:120	Exception: cryptonote::DB_ERROR
2018-03-12 01:47:01.589	    7f4969bfa780	INFO 	stacktrace	src/common/stack_trace.cpp:121	Unwound call stack:
2018-03-12 01:47:01.591	    7f4969bfa780	INFO 	stacktrace	src/common/stack_trace.cpp:159	    [1] ./myntd:__cxa_throw+0x106 [0x8095e6]
2018-03-12 01:47:01.591	    7f4969bfa780	INFO 	stacktrace	src/common/stack_trace.cpp:159	    [2] ./myntd() [0x738e34]
2018-03-12 01:47:01.591	    7f4969bfa780	INFO 	stacktrace	src/common/stack_trace.cpp:159	    [3] ./myntd:cryptonote::BlockchainLMDB::get_hard_fork_version(unsigned long) const+0x3e9 [0x75c129]
2018-03-12 01:47:01.591	    7f4969bfa780	INFO 	stacktrace	src/common/stack_trace.cpp:159	    [4] ./myntd:cryptonote::HardFork::init()+0x134 [0x8ac6d4]
2018-03-12 01:47:01.591	    7f4969bfa780	INFO 	stacktrace	src/common/stack_trace.cpp:159	    [5] ./myntd:cryptonote::Blockchain::init(cryptonote::BlockchainDB*, bool, bool, cryptonote::test_options const*)+0x1f7 [0x78d487]
2018-03-12 01:47:01.591	    7f4969bfa780	INFO 	stacktrace	src/common/stack_trace.cpp:159	    [6] ./myntd:cryptonote::core::init(boost::program_options::variables_map const&, cryptonote::test_options const*)+0xcb4 [0x7a7244]
2018-03-12 01:47:01.591	    7f4969bfa780	INFO 	stacktrace	src/common/stack_trace.cpp:159	    [7] ./myntd:daemonize::t_daemon::run(bool)+0x212 [0x585512]
2018-03-12 01:47:01.591	    7f4969bfa780	INFO 	stacktrace	src/common/stack_trace.cpp:159	    [8] ./myntd:daemonize::t_executor::run_interactive(boost::program_options::variables_map const&)+0x2a [0x699c2a]
2018-03-12 01:47:01.591	    7f4969bfa780	INFO 	stacktrace	src/common/stack_trace.cpp:159	    [9] ./myntd:bool daemonizer::daemonize<daemonize::t_executor>(int, char const**, daemonize::t_executor&&, boost::program_options::variables_map const&)+0x184 [0x69cad4]
2018-03-12 01:47:01.591	    7f4969bfa780	INFO 	stacktrace	src/common/stack_trace.cpp:159	    [10] ./myntd:main+0x148f [0x55896f]
2018-03-12 01:47:01.591	    7f4969bfa780	INFO 	stacktrace	src/common/stack_trace.cpp:159	    [11] /lib/x86_64-linux-gnu/libc.so.6:__libc_start_main+0xf0 [0x7f4966a55830]
2018-03-12 01:47:01.591	    7f4969bfa780	INFO 	stacktrace	src/common/stack_trace.cpp:159	    [12] ./myntd:_start+0x29 [0x560b69]
2018-03-12 01:47:01.591	    7f4969bfa780	INFO 	stacktrace	src/common/stack_trace.cpp:159	
2018-03-12 01:47:01.702	    7f4969bfa780	ERROR	blockchain	src/cryptonote_core/blockchain.cpp:362	Failed to add genesis block to blockchain
2018-03-12 01:47:01.702	    7f4969bfa780	INFO 	global	src/cryptonote_core/cryptonote_core.cpp:492	Loading checkpoints
2018-03-12 01:47:01.795	    7f4969bfa780	WARN 	blockchain.db.lmdb	src/blockchain_db/lmdb/db_lmdb.cpp:74	batch transactions not enabled
2018-03-12 01:47:01.795	    7f4969bfa780	INFO 	stacktrace	src/common/stack_trace.cpp:120	Exception: cryptonote::DB_ERROR
2018-03-12 01:47:01.795	    7f4969bfa780	INFO 	stacktrace	src/common/stack_trace.cpp:121	Unwound call stack:
2018-03-12 01:47:01.797	    7f4969bfa780	INFO 	stacktrace	src/common/stack_trace.cpp:159	    [1] ./myntd:__cxa_throw+0x106 [0x8095e6]
2018-03-12 01:47:01.797	    7f4969bfa780	INFO 	stacktrace	src/common/stack_trace.cpp:159	    [2] ./myntd() [0x738e34]
2018-03-12 01:47:01.797	    7f4969bfa780	INFO 	stacktrace	src/common/stack_trace.cpp:159	    [3] ./myntd:cryptonote::BlockchainLMDB::batch_start(unsigned long, unsigned long)+0x392 [0x761c92]
2018-03-12 01:47:01.797	    7f4969bfa780	INFO 	stacktrace	src/common/stack_trace.cpp:159	    [4] ./myntd:cryptonote::Blockchain::check_against_checkpoints(cryptonote::checkpoints const&, bool)+0x76 [0x7895d6]
2018-03-12 01:47:01.797	    7f4969bfa780	INFO 	stacktrace	src/common/stack_trace.cpp:159	    [5] ./myntd:cryptonote::Blockchain::update_checkpoints(std::__cxx11::basic_string<char, std::char_traits<char>, std::allocator<char> > const&, bool)+0x22d [0x789b9d]
2018-03-12 01:47:01.797	    7f4969bfa780	INFO 	stacktrace	src/common/stack_trace.cpp:159	    [6] ./myntd:cryptonote::core::update_checkpoints()+0x75 [0x79c125]
2018-03-12 01:47:01.797	    7f4969bfa780	INFO 	stacktrace	src/common/stack_trace.cpp:159	    [7] ./myntd:cryptonote::core::init(boost::program_options::variables_map const&, cryptonote::test_options const*)+0x1332 [0x7a78c2]
2018-03-12 01:47:01.797	    7f4969bfa780	INFO 	stacktrace	src/common/stack_trace.cpp:159	    [8] ./myntd:daemonize::t_daemon::run(bool)+0x212 [0x585512]
2018-03-12 01:47:01.797	    7f4969bfa780	INFO 	stacktrace	src/common/stack_trace.cpp:159	    [9] ./myntd:daemonize::t_executor::run_interactive(boost::program_options::variables_map const&)+0x2a [0x699c2a]
2018-03-12 01:47:01.797	    7f4969bfa780	INFO 	stacktrace	src/common/stack_trace.cpp:159	    [10] ./myntd:bool daemonizer::daemonize<daemonize::t_executor>(int, char const**, daemonize::t_executor&&, boost::program_options::variables_map const&)+0x184 [0x69cad4]
2018-03-12 01:47:01.797	    7f4969bfa780	INFO 	stacktrace	src/common/stack_trace.cpp:159	    [11] ./myntd:main+0x148f [0x55896f]
2018-03-12 01:47:01.797	    7f4969bfa780	INFO 	stacktrace	src/common/stack_trace.cpp:159	    [12] /lib/x86_64-linux-gnu/libc.so.6:__libc_start_main+0xf0 [0x7f4966a55830]
2018-03-12 01:47:01.797	    7f4969bfa780	INFO 	stacktrace	src/common/stack_trace.cpp:159	    [13] ./myntd:_start+0x29 [0x560b69]
2018-03-12 01:47:01.797	    7f4969bfa780	INFO 	stacktrace	src/common/stack_trace.cpp:159	
2018-03-12 01:47:01.797	    7f4969bfa780	FATAL	daemon	src/daemon/daemon.cpp:199	Uncaught exception! batch transactions not enabled
2018-03-12 01:47:01.797	    7f4969bfa780	INFO 	global	src/daemon/rpc.h:96	Deinitializing core rpc server...
2018-03-12 01:47:01.798	    7f4969bfa780	INFO 	global	src/daemon/p2p.h:90	Deinitializing p2p...
2018-03-12 01:47:05.802	    7f4969bfa780	INFO 	global	src/daemon/core.h:89	Deinitializing core...
2018-03-12 01:47:05.803	    7f4969bfa780	INFO 	global	src/daemon/protocol.h:77	Stopping cryptonote protocol...
2018-03-12 01:47:05.803	    7f4969bfa780	INFO 	global	src/daemon/protocol.h:81	Cryptonote protocol stopped successfully
2018-03-12 01:47:57.331	    7ff5e80ed740	INFO 	logging	contrib/epee/src/mlog.cpp:148	New log categories: *:WARNING,net:FATAL,net.p2p:FATAL,net.cn:FATAL,global:INFO,verify:FATAL,stacktrace:INFO,logging:INFO,msgwriter:INFO
2018-03-12 01:47:57.331	    7ff5e80ed740	INFO 	global	src/daemon/main.cpp:279	Electroneum 'Helium Hydra' (v0.11.1.0-e731e7a)
2018-03-12 01:47:57.331	    7ff5e80ed740	INFO 	global	src/daemon/protocol.h:55	Initializing cryptonote protocol...
2018-03-12 01:47:57.331	    7ff5e80ed740	INFO 	global	src/daemon/protocol.h:60	Cryptonote protocol initialized OK
2018-03-12 01:47:57.331	    7ff5e80ed740	INFO 	global	src/daemon/p2p.h:63	Initializing p2p server...
2018-03-12 01:48:01.404	    7ff5e80ed740	INFO 	global	src/daemon/p2p.h:68	P2p server initialized OK
2018-03-12 01:48:01.404	    7ff5e80ed740	INFO 	global	src/daemon/rpc.h:58	Initializing core rpc server...
2018-03-12 01:48:01.404	    7ff5e80ed740	INFO 	global	contrib/epee/include/net/http_server_impl_base.h:70	Binding on 127.0.0.1:46091
2018-03-12 01:48:01.404	    7ff5e80ed740	INFO 	global	src/daemon/rpc.h:63	Core rpc server initialized OK on port: 46091
2018-03-12 01:48:01.404	    7ff5e80ed740	INFO 	global	src/daemon/core.h:73	Initializing core...
2018-03-12 01:48:01.405	    7ff5e80ed740	INFO 	global	src/cryptonote_core/cryptonote_core.cpp:323	Loading blockchain from folder /root/.flyt/lmdb ...
2018-03-12 01:48:01.527	    7ff5e80ed740	INFO 	global	src/cryptonote_core/cryptonote_core.cpp:421	Loading checkpoints
2018-03-12 01:48:01.535	    7ff5e80ed740	INFO 	global	src/daemon/core.h:78	Core initialized OK
2018-03-12 01:48:01.535	    7ff5e80ed740	INFO 	global	src/daemon/rpc.h:68	Starting core rpc server...
2018-03-12 01:48:01.535	[SRV_MAIN]	INFO 	global	src/daemon/rpc.h:73	Core rpc server started ok
2018-03-12 01:48:01.536	[SRV_MAIN]	INFO 	global	src/daemon/p2p.h:78	Starting p2p net loop...
2018-03-12 01:48:02.537	[P2P1]	INFO 	global	src/cryptonote_core/cryptonote_core.cpp:1258	[1;33m
**********************************************************************
The daemon will start synchronizing with the network. This may take a long time to complete.

You can set the level of process detailization* through "set_log <level|categories>" command*,
where <level> is between 0 (no details) and 4 (very verbose), or custom category based levels (eg, *:WARNING)

Use the "help" command to see the list of available commands.
**********************************************************************
[0m
2018-03-12 01:48:12.607	[P2P2]	INFO 	global	src/cryptonote_protocol/cryptonote_protocol_handler.inl:1540	[1;33m
**********************************************************************
You are now synchronized with the network. You may now start electroneum-wallet-cli.

Use the "help" command to see the list of available commands.
**********************************************************************[0m
2018-03-12 01:48:14.228	    7ff5e36dc700	INFO 	msgwriter	src/common/scoped_message_writer.h:102	BH: 1, TH: f0e58781c97d64f47b877cb05bafc6e61230a5b951d3fe24b038a1acfb473015, DIFF: 1, HR: 0 H/s
2018-03-12 01:48:16.379	    7ff5e36dc700	INFO 	msgwriter	src/common/scoped_message_writer.h:102	Height: 1/1 (100.0%) on mainnet, not mining, net hash 0 H/s, v1, up to date, 1(out)+0(in) connections, uptime 0d 0h 0m 15s
2018-03-12 01:48:18.298	    7ff5e36dc700	INFO 	msgwriter	src/common/scoped_message_writer.h:102	Stop signal sent
2018-03-12 01:48:18.299	[SRV_MAIN]	INFO 	global	src/daemon/p2p.h:80	p2p net loop stopped
2018-03-12 01:48:18.399	[SRV_MAIN]	INFO 	global	src/daemon/rpc.h:78	Stopping core rpc server...
2018-03-12 01:48:18.399	[SRV_MAIN]	INFO 	global	src/daemon/daemon.cpp:145	Node stopped.
2018-03-12 01:48:18.399	[SRV_MAIN]	INFO 	global	src/daemon/rpc.h:90	Deinitializing rpc server...
2018-03-12 01:48:18.399	[SRV_MAIN]	INFO 	global	src/daemon/p2p.h:90	Deinitializing p2p...
2018-03-12 01:48:18.538	[SRV_MAIN]	INFO 	global	src/daemon/core.h:89	Deinitializing core...
2018-03-12 01:48:18.538	[SRV_MAIN]	INFO 	global	src/daemon/protocol.h:77	Stopping cryptonote protocol...
2018-03-12 01:48:18.538	[SRV_MAIN]	INFO 	global	src/daemon/protocol.h:81	Cryptonote protocol stopped successfully
2018-03-12 01:48:25.408	    7fca43f75780	INFO 	logging	contrib/epee/src/mlog.cpp:180	New log categories: *:WARNING,net:FATAL,net.p2p:FATAL,net.cn:FATAL,global:INFO,verify:FATAL,stacktrace:INFO,logging:INFO,msgwriter:INFO
2018-03-12 01:48:25.408	    7fca43f75780	INFO 	global	src/daemon/main.cpp:304	Mynt 'Helium Hydra' (v0.11.0.0-0dfbfb2)
2018-03-12 01:48:25.413	    7fca43f75780	INFO 	global	src/daemon/protocol.h:55	Initializing cryptonote protocol...
2018-03-12 01:48:25.413	    7fca43f75780	INFO 	global	src/daemon/protocol.h:60	Cryptonote protocol initialized OK
2018-03-12 01:48:25.414	    7fca43f75780	INFO 	global	src/daemon/p2p.h:63	Initializing p2p server...
2018-03-12 01:48:29.577	    7fca43f75780	INFO 	global	src/daemon/p2p.h:68	P2p server initialized OK
2018-03-12 01:48:29.578	    7fca43f75780	INFO 	global	src/daemon/rpc.h:63	Initializing core rpc server...
2018-03-12 01:48:29.578	    7fca43f75780	INFO 	global	contrib/epee/include/net/http_server_impl_base.h:75	Binding on 127.0.0.1:46091
2018-03-12 01:48:29.578	    7fca43f75780	INFO 	global	src/daemon/rpc.h:69	core rpc server initialized OK on port: 46091
2018-03-12 01:48:29.579	    7fca43f75780	INFO 	global	src/daemon/core.h:73	Initializing core...
2018-03-12 01:48:29.579	    7fca43f75780	INFO 	global	src/cryptonote_core/cryptonote_core.cpp:394	Loading blockchain from folder /root/.flyt/lmdb ...
2018-03-12 01:48:29.580	    7fca43f75780	INFO 	global	src/cryptonote_core/cryptonote_core.cpp:492	Loading checkpoints
2018-03-12 01:48:29.691	    7fca43f75780	INFO 	global	src/daemon/core.h:78	Core initialized OK
2018-03-12 01:48:29.691	    7fca43f75780	INFO 	global	src/daemon/rpc.h:74	Starting core rpc server...
2018-03-12 01:48:29.692	[SRV_MAIN]	INFO 	global	src/daemon/rpc.h:79	core rpc server started ok
2018-03-12 01:48:29.693	[SRV_MAIN]	INFO 	global	src/daemon/p2p.h:78	Starting p2p net loop...
2018-03-12 01:48:30.694	[P2P1]	INFO 	global	src/cryptonote_core/cryptonote_core.cpp:1363	[1;33m
**********************************************************************
The daemon will start synchronizing with the Mynt network blockchain. This may take a long time to complete.

You can set the level of process detailization through "set_log <level|categories>" command,
where <level> is between 0 (no details) and 4 (very verbose), or custom category based levels (eg, *:WARNING).

Use the "help" command to see the list of available commands.
Use "help <command>" to see a command's documentation.
**********************************************************************
[0m
2018-03-12 01:48:30.736	[P2P1]	WARN 	net.dns	src/common/dns_utils.cpp:499	WARNING: no two valid MyntPulse DNS checkpoint records were received
2018-03-12 01:49:10.696	[P2P3]	INFO 	global	src/cryptonote_protocol/cryptonote_protocol_handler.inl:1554	[1;33m
**********************************************************************
You are now synchronized with the network. You may now start mynt-wallet-cli.

Use the "help" command to see the list of available commands.
**********************************************************************[0m
2018-03-12 01:49:12.631	    7fca33fff700	INFO 	msgwriter	src/common/scoped_message_writer.h:102	BH: 1, TH: f0e58781c97d64f47b877cb05bafc6e61230a5b951d3fe24b038a1acfb473015, DIFF: 1, HR: 0 H/s
2018-03-12 01:49:13.587	    7fca33fff700	INFO 	msgwriter	src/common/scoped_message_writer.h:102	Height: 1/1 (100.0%) on mainnet, not mining, net hash 0 H/s, v1, up to date, 0(out)+0(in) connections, uptime 0d 0h 0m 44s
2018-03-12 01:49:15.595	    7fca33fff700	INFO 	msgwriter	src/common/scoped_message_writer.h:102	Height: 1, target: 1 (100%)
2018-03-12 01:49:15.596	    7fca33fff700	INFO 	msgwriter	src/common/scoped_message_writer.h:102	Downloading at 0 kB/s
2018-03-12 01:49:15.596	    7fca33fff700	INFO 	msgwriter	src/common/scoped_message_writer.h:102	0 peers
2018-03-12 01:49:15.596	    7fca33fff700	INFO 	msgwriter	src/common/scoped_message_writer.h:102	0 spans, 0 MB
2018-03-12 01:49:19.104	    7fca33fff700	INFO 	msgwriter	src/common/scoped_message_writer.h:102	Blockchain saved
2018-03-12 01:49:24.322	    7fca33fff700	INFO 	msgwriter	src/common/scoped_message_writer.h:102	Stop signal sent
2018-03-12 01:49:24.322	[SRV_MAIN]	INFO 	global	src/daemon/p2p.h:80	p2p net loop stopped
2018-03-12 01:49:24.740	    7fca391cd700	INFO 	stacktrace	src/common/stack_trace.cpp:120	Exception: boost::thread_interrupted
2018-03-12 01:49:24.740	    7fca391cd700	INFO 	stacktrace	src/common/stack_trace.cpp:121	Unwound call stack:
2018-03-12 01:49:24.741	    7fca391cd700	INFO 	stacktrace	src/common/stack_trace.cpp:159	    [1] ./myntd:__cxa_throw+0x106 [0x8095e6]
2018-03-12 01:49:24.741	    7fca391cd700	INFO 	stacktrace	src/common/stack_trace.cpp:159	    [2] /usr/lib/x86_64-linux-gnu/libboost_thread.so.1.58.0:boost::this_thread::interruption_point()+0x76 [0x7fca41940506]
2018-03-12 01:49:24.741	    7fca391cd700	INFO 	stacktrace	src/common/stack_trace.cpp:159	    [3] ./myntd:cryptonote::rpc::ZmqServer::serve()+0x810 [0x823c00]
2018-03-12 01:49:24.741	    7fca391cd700	INFO 	stacktrace	src/common/stack_trace.cpp:159	    [4] /usr/lib/x86_64-linux-gnu/libboost_thread.so.1.58.0+0x115d5 [0x7fca419405d5]
2018-03-12 01:49:24.741	    7fca391cd700	INFO 	stacktrace	src/common/stack_trace.cpp:159	    [5] /lib/x86_64-linux-gnu/libpthread.so.0+0x76ba [0x7fca411816ba]
2018-03-12 01:49:24.741	    7fca391cd700	INFO 	stacktrace	src/common/stack_trace.cpp:159	    [6] /lib/x86_64-linux-gnu/libc.so.6:clone+0x6d [0x7fca40eb741d]
2018-03-12 01:49:24.741	    7fca391cd700	INFO 	stacktrace	src/common/stack_trace.cpp:159	
2018-03-12 01:49:24.741	[SRV_MAIN]	INFO 	global	src/daemon/rpc.h:84	Stopping core rpc server...
2018-03-12 01:49:24.742	[SRV_MAIN]	INFO 	global	src/daemon/daemon.cpp:194	Node stopped.
2018-03-12 01:49:24.742	[SRV_MAIN]	INFO 	global	src/daemon/rpc.h:96	Deinitializing core rpc server...
2018-03-12 01:49:24.742	[SRV_MAIN]	INFO 	global	src/daemon/p2p.h:90	Deinitializing p2p...
2018-03-12 01:49:28.747	[SRV_MAIN]	INFO 	global	src/daemon/core.h:89	Deinitializing core...
2018-03-12 01:49:28.747	[SRV_MAIN]	INFO 	global	src/daemon/protocol.h:77	Stopping cryptonote protocol...
2018-03-12 01:49:28.747	[SRV_MAIN]	INFO 	global	src/daemon/protocol.h:81	Cryptonote protocol stopped successfully
2018-03-12 01:49:48.894	    7f384eadb780	INFO 	logging	contrib/epee/src/mlog.cpp:180	New log categories: *:WARNING,net:FATAL,net.p2p:FATAL,net.cn:FATAL,global:INFO,verify:FATAL,stacktrace:INFO,logging:INFO,msgwriter:INFO
2018-03-12 01:49:48.895	    7f384eadb780	INFO 	global	src/daemon/main.cpp:304	Mynt 'Helium Hydra' (v0.11.0.0-0dfbfb2)
2018-03-12 01:49:48.895	    7f384eadb780	INFO 	global	src/daemon/protocol.h:55	Initializing cryptonote protocol...
2018-03-12 01:49:48.895	    7f384eadb780	INFO 	global	src/daemon/protocol.h:60	Cryptonote protocol initialized OK
2018-03-12 01:49:48.895	    7f384eadb780	INFO 	global	src/daemon/p2p.h:63	Initializing p2p server...
2018-03-12 01:49:53.195	    7f384eadb780	INFO 	global	src/daemon/p2p.h:68	P2p server initialized OK
2018-03-12 01:49:53.196	    7f384eadb780	INFO 	global	src/daemon/rpc.h:63	Initializing core rpc server...
2018-03-12 01:49:53.196	    7f384eadb780	INFO 	global	contrib/epee/include/net/http_server_impl_base.h:75	Binding on 127.0.0.1:46091
2018-03-12 01:49:53.196	    7f384eadb780	INFO 	global	src/daemon/rpc.h:69	core rpc server initialized OK on port: 46091
2018-03-12 01:49:53.196	    7f384eadb780	INFO 	global	src/daemon/core.h:73	Initializing core...
2018-03-12 01:49:53.196	    7f384eadb780	INFO 	global	src/cryptonote_core/cryptonote_core.cpp:394	Loading blockchain from folder /root/.flyt/lmdb ...
2018-03-12 01:49:53.197	    7f384eadb780	INFO 	global	src/cryptonote_core/cryptonote_core.cpp:492	Loading checkpoints
2018-03-12 01:49:53.368	    7f384eadb780	INFO 	global	src/daemon/core.h:78	Core initialized OK
2018-03-12 01:49:53.368	    7f384eadb780	INFO 	global	src/daemon/rpc.h:74	Starting core rpc server...
2018-03-12 01:49:53.368	[SRV_MAIN]	INFO 	global	src/daemon/rpc.h:79	core rpc server started ok
2018-03-12 01:49:53.369	[SRV_MAIN]	INFO 	global	src/daemon/p2p.h:78	Starting p2p net loop...
2018-03-12 01:49:54.370	[P2P1]	INFO 	global	src/cryptonote_core/cryptonote_core.cpp:1363	[1;33m
**********************************************************************
The daemon will start synchronizing with the Mynt network blockchain. This may take a long time to complete.

You can set the level of process detailization through "set_log <level|categories>" command,
where <level> is between 0 (no details) and 4 (very verbose), or custom category based levels (eg, *:WARNING).

Use the "help" command to see the list of available commands.
Use "help <command>" to see a command's documentation.
**********************************************************************
[0m
2018-03-12 01:49:54.425	[P2P1]	WARN 	net.dns	src/common/dns_utils.cpp:499	WARNING: no two valid MyntPulse DNS checkpoint records were received
2018-03-12 01:49:57.254	    7f38460d0700	INFO 	msgwriter	src/common/scoped_message_writer.h:102	Height: 1/1 (100.0%) on mainnet, not mining, net hash 0 H/s, v1, up to date, 0(out)+0(in) connections, uptime 0d 0h 0m 4s
2018-03-12 01:49:58.295	    7f38460d0700	INFO 	msgwriter	src/common/scoped_message_writer.h:102	BH: 1, TH: f0e58781c97d64f47b877cb05bafc6e61230a5b951d3fe24b038a1acfb473015, DIFF: 1, HR: 0 H/s
2018-03-12 01:49:59.370	[P2P2]	INFO 	global	src/cryptonote_protocol/cryptonote_protocol_handler.inl:1554	[1;33m
**********************************************************************
You are now synchronized with the network. You may now start mynt-wallet-cli.

Use the "help" command to see the list of available commands.
**********************************************************************[0m
2018-03-12 01:50:04.565	    7f38460d0700	WARN 	miner	src/cryptonote_basic/miner.cpp:319	Mining has started with 1 threads, good luck!
2018-03-12 01:50:04.565	[miner 0]	INFO 	global	src/cryptonote_basic/miner.cpp:430	Miner thread was started [0]
2018-03-12 01:50:04.606	[miner 0]	INFO 	global	src/cryptonote_basic/miner.cpp:484	[1;32mFound block for difficulty: 1[0m
2018-03-12 01:50:04.696	[miner 0]	INFO 	global	src/cryptonote_basic/miner.cpp:484	[1;32mFound block for difficulty: 1[0m
2018-03-12 01:50:05.150	[miner 0]	INFO 	global	src/cryptonote_basic/miner.cpp:484	[1;32mFound block for difficulty: 120[0m
2018-03-12 01:50:06.416	    7f38460d0700	INFO 	msgwriter	src/common/scoped_message_writer.h:102	BH: 4, TH: 3a2f3af59485daaff428a3fc9364fe2e7bff4c78bc7546b6bc9de5218c033cff, DIFF: 14520, HR: 121 H/s
2018-03-12 01:50:07.302	    7f38460d0700	INFO 	msgwriter	src/common/scoped_message_writer.h:102	Height: 4/4 (100.0%) on mainnet, mining at 10 H/s, net hash 121 H/s, v6, up to date, 0(out)+0(in) connections, uptime 0d 0h 0m 14s
2018-03-12 01:50:12.428	    7f38460d0700	INFO 	msgwriter	src/common/scoped_message_writer.h:102	timestamp: 1520819404
previous hash: f0e58781c97d64f47b877cb05bafc6e61230a5b951d3fe24b038a1acfb473015
nonce: 2136873204
is orphan: 0
height: 1
depth: 2
hash: 37ffaee25fa8f0c7cf79de0b6dc222cdd8fef06788fe685888cc0cd1d363032f
difficulty: 1
reward: 1000000000000
2018-03-12 01:50:12.429	    7f38460d0700	INFO 	msgwriter	src/common/scoped_message_writer.h:102	{
  "major_version": 1, 
  "minor_version": 6, 
  "timestamp": 1520819404, 
  "prev_id": "f0e58781c97d64f47b877cb05bafc6e61230a5b951d3fe24b038a1acfb473015", 
  "nonce": 2136873204, 
  "miner_tx": {
    "version": 1, 
    "unlock_time": 11, 
    "vin": [ {
        "gen": {
          "height": 1
        }
      }
    ], 
    "vout": [ {
        "amount": 1000000000000, 
        "target": {
          "key": "e885bc33bd3e8b036e172b14d88cef39e59dee477388b727e61b7dd9be598bc4"
        }
      }
    ], 
    "extra": [ 1, 193, 11, 43, 47, 99, 252, 159, 66, 96, 62, 36, 115, 192, 175, 203, 133, 220, 60, 52, 72, 86, 231, 3, 237, 244, 178, 139, 166, 230, 21, 243, 61
    ], 
    "signatures": [ ]
  }, 
  "tx_hashes": [ ]
}

2018-03-12 01:50:15.704	    7f38460d0700	INFO 	msgwriter	src/common/scoped_message_writer.h:102	timestamp: 1520819404
previous hash: 37ffaee25fa8f0c7cf79de0b6dc222cdd8fef06788fe685888cc0cd1d363032f
nonce: 477416563
is orphan: 0
height: 2
depth: 1
hash: cdc834592d2ca0959721689a80410f84612816f1e3a3eeaa6c9f2bc011648ef4
difficulty: 1
reward: 1242242000000000000
2018-03-12 01:50:15.704	    7f38460d0700	INFO 	msgwriter	src/common/scoped_message_writer.h:102	{
  "major_version": 6, 
  "minor_version": 6, 
  "timestamp": 1520819404, 
  "prev_id": "37ffaee25fa8f0c7cf79de0b6dc222cdd8fef06788fe685888cc0cd1d363032f", 
  "nonce": 477416563, 
  "miner_tx": {
    "version": 2, 
    "unlock_time": 12, 
    "vin": [ {
        "gen": {
          "height": 2
        }
      }
    ], 
    "vout": [ {
        "amount": 1242242000000000000, 
        "target": {
          "key": "c259836eee128cc48f84a39f4facd8091fcd7f5705526f97961bc37156c53b1d"
        }
      }
    ], 
    "extra": [ 1, 191, 241, 163, 211, 125, 204, 225, 191, 40, 53, 220, 250, 20, 251, 174, 26, 241, 86, 217, 191, 198, 92, 224, 44, 28, 204, 120, 5, 248, 238, 222, 238
    ], 
    "rct_signatures": {
      "type": 0
    }
  }, 
  "tx_hashes": [ ]
}

2018-03-12 01:50:34.032	[miner 0]	INFO 	global	src/cryptonote_basic/miner.cpp:499	Miner thread stopped [0]
2018-03-12 01:50:34.032	    7f38460d0700	INFO 	msgwriter	src/common/scoped_message_writer.h:102	Mining stopped
2018-03-12 01:50:37.333	    7f38460d0700	INFO 	msgwriter	src/common/scoped_message_writer.h:102	Blockchain saved
2018-03-12 01:50:40.101	    7f38460d0700	INFO 	msgwriter	src/common/scoped_message_writer.h:102	Stop signal sent
2018-03-12 01:50:41.374	[SRV_MAIN]	INFO 	global	src/daemon/p2p.h:80	p2p net loop stopped
2018-03-12 01:50:41.420	    7f37f2ffd700	INFO 	stacktrace	src/common/stack_trace.cpp:120	Exception: boost::thread_interrupted
2018-03-12 01:50:41.420	    7f37f2ffd700	INFO 	stacktrace	src/common/stack_trace.cpp:121	Unwound call stack:
2018-03-12 01:50:41.421	    7f37f2ffd700	INFO 	stacktrace	src/common/stack_trace.cpp:159	    [1] ./myntd:__cxa_throw+0x106 [0x8095e6]
2018-03-12 01:50:41.421	    7f37f2ffd700	INFO 	stacktrace	src/common/stack_trace.cpp:159	    [2] /usr/lib/x86_64-linux-gnu/libboost_thread.so.1.58.0:boost::this_thread::interruption_point()+0x76 [0x7f384c4a6506]
2018-03-12 01:50:41.421	    7f37f2ffd700	INFO 	stacktrace	src/common/stack_trace.cpp:159	    [3] ./myntd:cryptonote::rpc::ZmqServer::serve()+0x810 [0x823c00]
2018-03-12 01:50:41.421	    7f37f2ffd700	INFO 	stacktrace	src/common/stack_trace.cpp:159	    [4] /usr/lib/x86_64-linux-gnu/libboost_thread.so.1.58.0+0x115d5 [0x7f384c4a65d5]
2018-03-12 01:50:41.421	    7f37f2ffd700	INFO 	stacktrace	src/common/stack_trace.cpp:159	    [5] /lib/x86_64-linux-gnu/libpthread.so.0+0x76ba [0x7f384bce76ba]
2018-03-12 01:50:41.421	    7f37f2ffd700	INFO 	stacktrace	src/common/stack_trace.cpp:159	    [6] /lib/x86_64-linux-gnu/libc.so.6:clone+0x6d [0x7f384ba1d41d]
2018-03-12 01:50:41.421	    7f37f2ffd700	INFO 	stacktrace	src/common/stack_trace.cpp:159	
2018-03-12 01:50:41.421	[SRV_MAIN]	INFO 	global	src/daemon/rpc.h:84	Stopping core rpc server...
2018-03-12 01:50:41.421	[SRV_MAIN]	INFO 	global	src/daemon/daemon.cpp:194	Node stopped.
2018-03-12 01:50:41.422	[SRV_MAIN]	INFO 	global	src/daemon/rpc.h:96	Deinitializing core rpc server...
2018-03-12 01:50:41.422	[SRV_MAIN]	INFO 	global	src/daemon/p2p.h:90	Deinitializing p2p...
2018-03-12 01:50:45.425	[SRV_MAIN]	INFO 	global	src/daemon/core.h:89	Deinitializing core...
2018-03-12 01:50:45.426	[SRV_MAIN]	INFO 	global	src/daemon/protocol.h:77	Stopping cryptonote protocol...
2018-03-12 01:50:45.426	[SRV_MAIN]	INFO 	global	src/daemon/protocol.h:81	Cryptonote protocol stopped successfully
2018-03-12 01:50:50.801	    7f6b8bd05780	INFO 	logging	contrib/epee/src/mlog.cpp:180	New log categories: *:WARNING,net:FATAL,net.p2p:FATAL,net.cn:FATAL,global:INFO,verify:FATAL,stacktrace:INFO,logging:INFO,msgwriter:INFO
2018-03-12 01:50:50.802	    7f6b8bd05780	INFO 	global	src/daemon/main.cpp:304	Mynt 'Helium Hydra' (v0.11.0.0-0dfbfb2)
2018-03-12 01:50:50.802	    7f6b8bd05780	INFO 	global	src/daemon/protocol.h:55	Initializing cryptonote protocol...
2018-03-12 01:50:50.802	    7f6b8bd05780	INFO 	global	src/daemon/protocol.h:60	Cryptonote protocol initialized OK
2018-03-12 01:50:50.802	    7f6b8bd05780	INFO 	global	src/daemon/p2p.h:63	Initializing p2p server...
2018-03-12 01:50:54.972	    7f6b8bd05780	INFO 	global	src/daemon/p2p.h:68	P2p server initialized OK
2018-03-12 01:50:54.972	    7f6b8bd05780	INFO 	global	src/daemon/rpc.h:63	Initializing core rpc server...
2018-03-12 01:50:54.972	    7f6b8bd05780	INFO 	global	contrib/epee/include/net/http_server_impl_base.h:75	Binding on 127.0.0.1:46091
2018-03-12 01:50:54.972	    7f6b8bd05780	INFO 	global	src/daemon/rpc.h:69	core rpc server initialized OK on port: 46091
2018-03-12 01:50:54.972	    7f6b8bd05780	INFO 	global	src/daemon/core.h:73	Initializing core...
2018-03-12 01:50:54.973	    7f6b8bd05780	INFO 	global	src/cryptonote_core/cryptonote_core.cpp:394	Loading blockchain from folder /root/.flyt/lmdb ...
2018-03-12 01:50:54.973	    7f6b8bd05780	INFO 	global	src/cryptonote_core/cryptonote_core.cpp:492	Loading checkpoints
2018-03-12 01:50:55.065	    7f6b8bd05780	WARN 	checkpoints	src/checkpoints/checkpoints.cpp:87	CHECKPOINT FAILED FOR HEIGHT 1. EXPECTED HASH: <aeeff201e743104731977b820d40a8d95b1f07a4472c019e603271d0cb0f047a>, FETCHED HASH: <37ffaee25fa8f0c7cf79de0b6dc222cdd8fef06788fe685888cc0cd1d363032f>
2018-03-12 01:50:55.065	    7f6b8bd05780	ERROR	blockchain	src/cryptonote_core/blockchain.cpp:3610	WARNING: local blockchain failed to pass a MoneroPulse checkpoint, and you could be on a fork. You should either sync up from scratch, OR download a fresh blockchain bootstrap, OR enable checkpoint enforcing with the --enforce-dns-checkpointing command-line option
2018-03-12 01:50:55.065	    7f6b8bd05780	INFO 	global	src/daemon/core.h:78	Core initialized OK
2018-03-12 01:50:55.065	    7f6b8bd05780	INFO 	global	src/daemon/rpc.h:74	Starting core rpc server...
2018-03-12 01:50:55.066	[SRV_MAIN]	INFO 	global	src/daemon/rpc.h:79	core rpc server started ok
2018-03-12 01:50:55.067	[SRV_MAIN]	INFO 	global	src/daemon/p2p.h:78	Starting p2p net loop...
2018-03-12 01:50:56.067	[P2P1]	INFO 	global	src/cryptonote_core/cryptonote_core.cpp:1363	[1;33m
**********************************************************************
The daemon will start synchronizing with the Mynt network blockchain. This may take a long time to complete.

You can set the level of process detailization through "set_log <level|categories>" command,
where <level> is between 0 (no details) and 4 (very verbose), or custom category based levels (eg, *:WARNING).

Use the "help" command to see the list of available commands.
Use "help <command>" to see a command's documentation.
**********************************************************************
[0m
2018-03-12 01:50:56.101	[P2P1]	WARN 	net.dns	src/common/dns_utils.cpp:499	WARNING: no two valid MyntPulse DNS checkpoint records were received
2018-03-12 01:51:11.068	[P2P2]	INFO 	global	src/cryptonote_protocol/cryptonote_protocol_handler.inl:1554	[1;33m
**********************************************************************
You are now synchronized with the network. You may now start mynt-wallet-cli.

Use the "help" command to see the list of available commands.
**********************************************************************[0m
2018-03-12 01:53:10.910	    7f50e4989780	INFO 	logging	contrib/epee/src/mlog.cpp:180	New log categories: *:WARNING,net:FATAL,net.p2p:FATAL,net.cn:FATAL,global:INFO,verify:FATAL,stacktrace:INFO,logging:INFO,msgwriter:INFO
2018-03-12 01:53:10.911	    7f50e4989780	INFO 	global	src/daemon/main.cpp:304	Mynt 'Helium Hydra' (v0.11.0.0-0dfbfb2)
2018-03-12 01:53:10.917	    7f50e4989780	INFO 	global	src/daemon/protocol.h:55	Initializing cryptonote protocol...
2018-03-12 01:53:10.917	    7f50e4989780	INFO 	global	src/daemon/protocol.h:60	Cryptonote protocol initialized OK
2018-03-12 01:53:10.918	    7f50e4989780	INFO 	global	src/daemon/p2p.h:63	Initializing p2p server...
2018-03-12 01:53:15.101	    7f50e4989780	INFO 	global	src/daemon/p2p.h:68	P2p server initialized OK
2018-03-12 01:53:15.102	    7f50e4989780	INFO 	global	src/daemon/rpc.h:63	Initializing core rpc server...
2018-03-12 01:53:15.102	    7f50e4989780	INFO 	global	contrib/epee/include/net/http_server_impl_base.h:75	Binding on 127.0.0.1:46091
2018-03-12 01:53:15.102	    7f50e4989780	INFO 	global	src/daemon/rpc.h:69	core rpc server initialized OK on port: 46091
2018-03-12 01:53:15.103	    7f50e4989780	INFO 	global	src/daemon/core.h:73	Initializing core...
2018-03-12 01:53:15.103	    7f50e4989780	INFO 	global	src/cryptonote_core/cryptonote_core.cpp:394	Loading blockchain from folder /root/.flyt/lmdb ...
2018-03-12 01:53:15.104	    7f50e4989780	INFO 	global	src/cryptonote_core/cryptonote_core.cpp:492	Loading checkpoints
2018-03-12 01:53:15.205	    7f50e4989780	WARN 	checkpoints	src/checkpoints/checkpoints.cpp:87	CHECKPOINT FAILED FOR HEIGHT 1. EXPECTED HASH: <aeeff201e743104731977b820d40a8d95b1f07a4472c019e603271d0cb0f047a>, FETCHED HASH: <37ffaee25fa8f0c7cf79de0b6dc222cdd8fef06788fe685888cc0cd1d363032f>
2018-03-12 01:53:15.206	    7f50e4989780	ERROR	blockchain	src/cryptonote_core/blockchain.cpp:3610	WARNING: local blockchain failed to pass a MoneroPulse checkpoint, and you could be on a fork. You should either sync up from scratch, OR download a fresh blockchain bootstrap, OR enable checkpoint enforcing with the --enforce-dns-checkpointing command-line option
2018-03-12 01:53:15.206	    7f50e4989780	INFO 	global	src/daemon/core.h:78	Core initialized OK
2018-03-12 01:53:15.206	    7f50e4989780	INFO 	global	src/daemon/rpc.h:74	Starting core rpc server...
2018-03-12 01:53:15.207	[SRV_MAIN]	INFO 	global	src/daemon/rpc.h:79	core rpc server started ok
2018-03-12 01:53:15.208	[SRV_MAIN]	INFO 	global	src/daemon/p2p.h:78	Starting p2p net loop...
2018-03-12 01:53:16.209	[P2P1]	INFO 	global	src/cryptonote_core/cryptonote_core.cpp:1363	[1;33m
**********************************************************************
The daemon will start synchronizing with the Mynt network blockchain. This may take a long time to complete.

You can set the level of process detailization through "set_log <level|categories>" command,
where <level> is between 0 (no details) and 4 (very verbose), or custom category based levels (eg, *:WARNING).

Use the "help" command to see the list of available commands.
Use "help <command>" to see a command's documentation.
**********************************************************************
[0m
2018-03-12 01:53:16.249	[P2P1]	WARN 	net.dns	src/common/dns_utils.cpp:499	WARNING: no two valid MyntPulse DNS checkpoint records were received
2018-03-12 01:53:49.718	    7f50d3f7e700	INFO 	msgwriter	src/common/scoped_message_writer.h:102	BH: 4, TH: 3a2f3af59485daaff428a3fc9364fe2e7bff4c78bc7546b6bc9de5218c033cff, DIFF: 14520, HR: 121 H/s
2018-03-12 01:53:50.537	    7f50d3f7e700	INFO 	msgwriter	src/common/scoped_message_writer.h:102	Height: 4/4 (100.0%) on mainnet, not mining, net hash 121 H/s, v6, up to date, 0(out)+0(in) connections, uptime 0d 0h 0m 35s
2018-03-12 01:53:51.211	[P2P2]	INFO 	global	src/cryptonote_protocol/cryptonote_protocol_handler.inl:1554	[1;33m
**********************************************************************
You are now synchronized with the network. You may now start mynt-wallet-cli.

Use the "help" command to see the list of available commands.
**********************************************************************[0m
2018-03-12 01:53:54.751	    7f50d3f7e700	INFO 	msgwriter	src/common/scoped_message_writer.h:102	Height: 4, target: 4 (100%)
2018-03-12 01:53:54.752	    7f50d3f7e700	INFO 	msgwriter	src/common/scoped_message_writer.h:102	Downloading at 0 kB/s
2018-03-12 01:53:54.752	    7f50d3f7e700	INFO 	msgwriter	src/common/scoped_message_writer.h:102	0 peers
2018-03-12 01:53:54.752	    7f50d3f7e700	INFO 	msgwriter	src/common/scoped_message_writer.h:102	0 spans, 0 MB
2018-03-12 01:57:31.199	    7f50d3f7e700	INFO 	msgwriter	src/common/scoped_message_writer.h:102	BH: 4, TH: 3a2f3af59485daaff428a3fc9364fe2e7bff4c78bc7546b6bc9de5218c033cff, DIFF: 14520, HR: 121 H/s
2018-03-12 01:57:45.862	    7f50d3f7e700	INFO 	msgwriter	src/common/scoped_message_writer.h:102	Stop signal sent
2018-03-12 01:57:47.232	[SRV_MAIN]	INFO 	global	src/daemon/p2p.h:80	p2p net loop stopped
2018-03-12 01:57:47.477	    7f50d9be1700	INFO 	stacktrace	src/common/stack_trace.cpp:120	Exception: boost::thread_interrupted
2018-03-12 01:57:47.477	    7f50d9be1700	INFO 	stacktrace	src/common/stack_trace.cpp:121	Unwound call stack:
2018-03-12 01:57:47.478	    7f50d9be1700	INFO 	stacktrace	src/common/stack_trace.cpp:159	    [1] ./myntd:__cxa_throw+0x106 [0x8095e6]
2018-03-12 01:57:47.478	    7f50d9be1700	INFO 	stacktrace	src/common/stack_trace.cpp:159	    [2] /usr/lib/x86_64-linux-gnu/libboost_thread.so.1.58.0:boost::this_thread::interruption_point()+0x76 [0x7f50e2354506]
2018-03-12 01:57:47.478	    7f50d9be1700	INFO 	stacktrace	src/common/stack_trace.cpp:159	    [3] ./myntd:cryptonote::rpc::ZmqServer::serve()+0x810 [0x823c00]
2018-03-12 01:57:47.478	    7f50d9be1700	INFO 	stacktrace	src/common/stack_trace.cpp:159	    [4] /usr/lib/x86_64-linux-gnu/libboost_thread.so.1.58.0+0x115d5 [0x7f50e23545d5]
2018-03-12 01:57:47.478	    7f50d9be1700	INFO 	stacktrace	src/common/stack_trace.cpp:159	    [5] /lib/x86_64-linux-gnu/libpthread.so.0+0x76ba [0x7f50e1b956ba]
2018-03-12 01:57:47.478	    7f50d9be1700	INFO 	stacktrace	src/common/stack_trace.cpp:159	    [6] /lib/x86_64-linux-gnu/libc.so.6:clone+0x6d [0x7f50e18cb41d]
2018-03-12 01:57:47.478	    7f50d9be1700	INFO 	stacktrace	src/common/stack_trace.cpp:159	
2018-03-12 01:57:47.478	[SRV_MAIN]	INFO 	global	src/daemon/rpc.h:84	Stopping core rpc server...
2018-03-12 01:57:47.479	[SRV_MAIN]	INFO 	global	src/daemon/daemon.cpp:194	Node stopped.
2018-03-12 01:57:47.479	[SRV_MAIN]	INFO 	global	src/daemon/rpc.h:96	Deinitializing core rpc server...
2018-03-12 01:57:47.479	[SRV_MAIN]	INFO 	global	src/daemon/p2p.h:90	Deinitializing p2p...
2018-03-12 01:57:51.483	[SRV_MAIN]	INFO 	global	src/daemon/core.h:89	Deinitializing core...
2018-03-12 01:57:51.483	[SRV_MAIN]	INFO 	global	src/daemon/protocol.h:77	Stopping cryptonote protocol...
2018-03-12 01:57:51.483	[SRV_MAIN]	INFO 	global	src/daemon/protocol.h:81	Cryptonote protocol stopped successfully
