2017-12-20 06:33:40.384	    7fb567489780	INFO 	logging	contrib/epee/src/mlog.cpp:180	New log categories: *:WARNING,net:FATAL,net.p2p:FATAL,net.cn:FATAL,global:INFO,verify:FATAL,stacktrace:INFO,logging:INFO,msgwriter:INFO
2017-12-20 06:33:40.384	    7fb567489780	INFO 	global	src/daemon/main.cpp:303	Monero 'Helium Hydra' (v0.11.0.0-bb3e6ca)
2017-12-20 06:33:40.385	    7fb567489780	INFO 	global	src/daemon/protocol.h:55	Initializing cryptonote protocol...
2017-12-20 06:33:40.385	    7fb567489780	INFO 	global	src/daemon/protocol.h:60	Cryptonote protocol initialized OK
2017-12-20 06:33:40.385	    7fb567489780	INFO 	global	src/daemon/p2p.h:63	Initializing p2p server...
2017-12-20 06:33:44.402	    7fb567489780	INFO 	global	src/daemon/p2p.h:68	P2p server initialized OK
2017-12-20 06:33:44.403	    7fb567489780	INFO 	global	src/daemon/rpc.h:63	Initializing core rpc server...
2017-12-20 06:33:44.403	    7fb567489780	INFO 	global	contrib/epee/include/net/http_server_impl_base.h:75	Binding on 127.0.0.1:21091
2017-12-20 06:33:44.403	    7fb567489780	INFO 	global	src/daemon/rpc.h:69	core rpc server initialized OK on port: 21091
2017-12-20 06:33:44.403	    7fb567489780	INFO 	global	src/daemon/core.h:73	Initializing core...
2017-12-20 06:33:44.403	    7fb567489780	INFO 	global	src/cryptonote_core/cryptonote_core.cpp:393	Loading blockchain from folder /root/.mynt/lmdb ...
2017-12-20 06:33:44.405	    7fb567489780	WARN 	blockchain.db.lmdb	src/blockchain_db/lmdb/db_lmdb.cpp:74	Error attempting to retrieve a hard fork version at height 0 from the db: MDB_NOTFOUND: No matching key/data pair found
2017-12-20 06:33:44.405	    7fb567489780	INFO 	stacktrace	src/common/stack_trace.cpp:120	Exception: cryptonote::DB_ERROR
2017-12-20 06:33:44.405	    7fb567489780	INFO 	stacktrace	src/common/stack_trace.cpp:121	Unwound call stack:
2017-12-20 06:33:44.409	    7fb567489780	INFO 	stacktrace	src/common/stack_trace.cpp:159	    [1] ./myntd:__cxa_throw+0x106 [0x80c0f6]
2017-12-20 06:33:44.409	    7fb567489780	INFO 	stacktrace	src/common/stack_trace.cpp:159	    [2] ./myntd() [0x739f94]
2017-12-20 06:33:44.409	    7fb567489780	INFO 	stacktrace	src/common/stack_trace.cpp:159	    [3] ./myntd:cryptonote::BlockchainLMDB::get_hard_fork_version(unsigned long) const+0x3e9 [0x75d1c9]
2017-12-20 06:33:44.409	    7fb567489780	INFO 	stacktrace	src/common/stack_trace.cpp:159	    [4] ./myntd:cryptonote::HardFork::init()+0x134 [0x8aed94]
2017-12-20 06:33:44.409	    7fb567489780	INFO 	stacktrace	src/common/stack_trace.cpp:159	    [5] ./myntd:cryptonote::Blockchain::init(cryptonote::BlockchainDB*, bool, bool, cryptonote::test_options const*)+0x1f7 [0x78fc37]
2017-12-20 06:33:44.409	    7fb567489780	INFO 	stacktrace	src/common/stack_trace.cpp:159	    [6] ./myntd:cryptonote::core::init(boost::program_options::variables_map const&, cryptonote::test_options const*)+0xcb4 [0x7a9ef4]
2017-12-20 06:33:44.409	    7fb567489780	INFO 	stacktrace	src/common/stack_trace.cpp:159	    [7] ./myntd:daemonize::t_daemon::run(bool)+0x212 [0x5857e2]
2017-12-20 06:33:44.409	    7fb567489780	INFO 	stacktrace	src/common/stack_trace.cpp:159	    [8] ./myntd:daemonize::t_executor::run_interactive(boost::program_options::variables_map const&)+0x2a [0x699f0a]
2017-12-20 06:33:44.409	    7fb567489780	INFO 	stacktrace	src/common/stack_trace.cpp:159	    [9] ./myntd:bool daemonizer::daemonize<daemonize::t_executor>(int, char const**, daemonize::t_executor&&, boost::program_options::variables_map const&)+0x184 [0x69cdb4]
2017-12-20 06:33:44.409	    7fb567489780	INFO 	stacktrace	src/common/stack_trace.cpp:159	    [10] ./myntd:main+0x148f [0x558c1f]
2017-12-20 06:33:44.409	    7fb567489780	INFO 	stacktrace	src/common/stack_trace.cpp:159	    [11] /lib/x86_64-linux-gnu/libc.so.6:__libc_start_main+0xf0 [0x7fb5642e5830]
2017-12-20 06:33:44.409	    7fb567489780	INFO 	stacktrace	src/common/stack_trace.cpp:159	    [12] ./myntd:_start+0x29 [0x560e19]
2017-12-20 06:33:44.409	    7fb567489780	INFO 	stacktrace	src/common/stack_trace.cpp:159	
2017-12-20 06:33:44.507	    7fb567489780	INFO 	global	src/cryptonote_core/cryptonote_core.cpp:491	Loading checkpoints
2017-12-20 06:33:44.615	    7fb567489780	INFO 	global	src/daemon/core.h:78	Core initialized OK
2017-12-20 06:33:44.615	    7fb567489780	INFO 	global	src/daemon/rpc.h:74	Starting core rpc server...
2017-12-20 06:33:44.615	[SRV_MAIN]	INFO 	global	src/daemon/rpc.h:79	core rpc server started ok
2017-12-20 06:33:44.616	[SRV_MAIN]	INFO 	global	src/daemon/p2p.h:78	Starting p2p net loop...
2017-12-20 06:33:45.617	[P2P1]	INFO 	global	src/cryptonote_core/cryptonote_core.cpp:1362	[1;33m
**********************************************************************
The daemon will start synchronizing with the network. This may take a long time to complete.

You can set the level of process detailization through "set_log <level|categories>" command,
where <level> is between 0 (no details) and 4 (very verbose), or custom category based levels (eg, *:WARNING).

Use the "help" command to see the list of available commands.
Use "help <command>" to see a command's documentation.
**********************************************************************
[0m
2017-12-20 06:33:45.687	[P2P7]	INFO 	global	src/cryptonote_protocol/cryptonote_protocol_handler.inl:1553	[1;33m
**********************************************************************
You are now synchronized with the network. You may now start monero-wallet-cli.

Use the "help" command to see the list of available commands.
**********************************************************************[0m
2017-12-20 06:33:54.445	    7fb560483700	INFO 	msgwriter	src/common/scoped_message_writer.h:102	Height: 1/1 (100.0%) on mainnet, not mining, net hash 0 H/s, v1, up to date, 0(out)+0(in) connections, uptime 0d 0h 0m 10s
2017-12-20 06:34:00.607	    7fb560483700	INFO 	msgwriter	src/common/scoped_message_writer.h:102	Height: 1/1 (100.0%) on mainnet, not mining, net hash 0 H/s, v1, up to date, 0(out)+0(in) connections, uptime 0d 0h 0m 16s
2017-12-20 06:34:05.924	    7fb560483700	INFO 	msgwriter	src/common/scoped_message_writer.h:102	print_status makes no sense in interactive mode
2017-12-20 06:34:08.937	    7fb560483700	INFO 	msgwriter	src/common/scoped_message_writer.h:102	Height: 1/1 (100.0%) on mainnet, not mining, net hash 0 H/s, v1, up to date, 0(out)+0(in) connections, uptime 0d 0h 0m 24s
2017-12-20 06:34:13.510	    7fb560483700	INFO 	msgwriter	src/common/scoped_message_writer.h:102	Blockchain saved
2017-12-20 06:34:15.495	    7fb560483700	INFO 	msgwriter	src/common/scoped_message_writer.h:102	Height: 1/1 (100.0%) on mainnet, not mining, net hash 0 H/s, v1, up to date, 0(out)+0(in) connections, uptime 0d 0h 0m 31s
2017-12-20 06:34:27.479	    7fb560483700	INFO 	msgwriter	src/common/scoped_message_writer.h:102	Height: 1, target: 1 (100%)
2017-12-20 06:34:27.479	    7fb560483700	INFO 	msgwriter	src/common/scoped_message_writer.h:102	Downloading at 0 kB/s
2017-12-20 06:34:27.479	    7fb560483700	INFO 	msgwriter	src/common/scoped_message_writer.h:102	0 peers
2017-12-20 06:34:27.479	    7fb560483700	INFO 	msgwriter	src/common/scoped_message_writer.h:102	0 spans, 0 MB
2017-12-20 06:34:29.739	    7fb560483700	INFO 	msgwriter	src/common/scoped_message_writer.h:102	Height: 1/1 (100.0%) on mainnet, not mining, net hash 0 H/s, v1, up to date, 0(out)+0(in) connections, uptime 0d 0h 0m 45s
2017-12-20 06:34:38.909	    7fb560483700	ERROR	msgwriter	src/common/scoped_message_writer.h:102	Error: Unsuccessful -- 
2017-12-20 06:34:40.969	    7fb560483700	ERROR	msgwriter	src/common/scoped_message_writer.h:102	Error: Unsuccessful -- 
2017-12-20 06:34:49.343	    7fb560483700	INFO 	msgwriter	src/common/scoped_message_writer.h:102	timestamp: 0
previous hash: 0000000000000000000000000000000000000000000000000000000000000000
nonce: 10000
is orphan: 0
height: 0
depth: 0
hash: 4b7db7b2d0441b9beb602f6d5315f3a45a31e5096340a63e76b9de3fd6c038f6
difficulty: 1
reward: 17592186044415
2017-12-20 06:34:49.343	    7fb560483700	INFO 	msgwriter	src/common/scoped_message_writer.h:102	{
  "major_version": 1, 
  "minor_version": 0, 
  "timestamp": 0, 
  "prev_id": "0000000000000000000000000000000000000000000000000000000000000000", 
  "nonce": 10000, 
  "miner_tx": {
    "version": 1, 
    "unlock_time": 50, 
    "vin": [ {
        "gen": {
          "height": 0
        }
      }
    ], 
    "vout": [ {
        "amount": 17592186044415, 
        "target": {
          "key": "9b2e4c0281c0b02e7c53291a94d1d0cbff8883f8024f5142ee494ffbbd088071"
        }
      }
    ], 
    "extra": [ 1, 174, 183, 236, 191, 39, 224, 211, 60, 235, 111, 225, 169, 28, 170, 54, 163, 149, 205, 80, 61, 44, 28, 45, 173, 233, 214, 35, 141, 83, 184, 29, 84
    ], 
    "signatures": [ ]
  }, 
  "tx_hashes": [ ]
}

2017-12-20 06:36:02.481	    7fb560483700	INFO 	msgwriter	src/common/scoped_message_writer.h:102	Set limit-down to 10000 kB/s
2017-12-20 06:36:02.482	    7fb560483700	INFO 	msgwriter	src/common/scoped_message_writer.h:102	Set limit-up to 10000 kB/s
2017-12-20 06:36:10.525	    7fb560483700	INFO 	msgwriter	src/common/scoped_message_writer.h:102	Remote Host                   Peer id             Support Flags       Recv/Sent (inactive,sec)      State                    Livetime(sec)       Down (kB/s) Down(now)     Up (kB/s) Up(now)      

2017-12-20 06:36:17.504	    7fb560483700	INFO 	msgwriter	src/common/scoped_message_writer.h:102	Pool is empty

2017-12-20 06:36:19.877	    7fb560483700	INFO 	msgwriter	src/common/scoped_message_writer.h:102	Remote Host                   Peer id             Support Flags       Recv/Sent (inactive,sec)      State                    Livetime(sec)       Down (kB/s) Down(now)     Up (kB/s) Up(now)      

2017-12-20 06:36:23.697	    7fb560483700	INFO 	msgwriter	src/common/scoped_message_writer.h:102	1
2017-12-20 06:36:29.905	    7fb560483700	ERROR	msgwriter	src/common/scoped_message_writer.h:102	Error: Unsuccessful -- NOT MINING
2017-12-20 06:36:29.905	    7fb560483700	INFO 	msgwriter	src/common/scoped_message_writer.h:102	Hash rate logging is on
2017-12-20 06:36:57.366	    7fb560483700	INFO 	msgwriter	src/common/scoped_message_writer.h:102	0 alternate chains found:
2017-12-20 06:37:01.598	    7fb560483700	INFO 	msgwriter	src/common/scoped_message_writer.h:102	version 6 enabled, 1/1 votes, threshold 0
2017-12-20 06:37:01.598	    7fb560483700	INFO 	msgwriter	src/common/scoped_message_writer.h:102	current version 1, voting for version 6
2017-12-20 06:38:08.606	    7fb560483700	INFO 	msgwriter	src/common/scoped_message_writer.h:102	Stop signal sent
2017-12-20 06:38:08.609	[SRV_MAIN]	INFO 	global	src/daemon/p2p.h:80	p2p net loop stopped
2017-12-20 06:38:08.901	    7fb5557fa700	INFO 	stacktrace	src/common/stack_trace.cpp:120	Exception: boost::thread_interrupted
2017-12-20 06:38:08.901	    7fb5557fa700	INFO 	stacktrace	src/common/stack_trace.cpp:121	Unwound call stack:
2017-12-20 06:38:08.902	    7fb5557fa700	INFO 	stacktrace	src/common/stack_trace.cpp:159	    [1] ./myntd:__cxa_throw+0x106 [0x80c0f6]
2017-12-20 06:38:08.902	    7fb5557fa700	INFO 	stacktrace	src/common/stack_trace.cpp:159	    [2] /usr/lib/x86_64-linux-gnu/libboost_thread.so.1.58.0:boost::this_thread::interruption_point()+0x76 [0x7fb564e55506]
2017-12-20 06:38:08.902	    7fb5557fa700	INFO 	stacktrace	src/common/stack_trace.cpp:159	    [3] ./myntd:cryptonote::rpc::ZmqServer::serve()+0x810 [0x826710]
2017-12-20 06:38:08.902	    7fb5557fa700	INFO 	stacktrace	src/common/stack_trace.cpp:159	    [4] /usr/lib/x86_64-linux-gnu/libboost_thread.so.1.58.0+0x115d5 [0x7fb564e555d5]
2017-12-20 06:38:08.902	    7fb5557fa700	INFO 	stacktrace	src/common/stack_trace.cpp:159	    [5] /lib/x86_64-linux-gnu/libpthread.so.0+0x76ba [0x7fb5646966ba]
2017-12-20 06:38:08.902	    7fb5557fa700	INFO 	stacktrace	src/common/stack_trace.cpp:159	    [6] /lib/x86_64-linux-gnu/libc.so.6:clone+0x6d [0x7fb5643cc3dd]
2017-12-20 06:38:08.902	    7fb5557fa700	INFO 	stacktrace	src/common/stack_trace.cpp:159	
2017-12-20 06:38:08.902	[SRV_MAIN]	INFO 	global	src/daemon/rpc.h:84	Stopping core rpc server...
2017-12-20 06:38:08.903	[SRV_MAIN]	INFO 	global	src/daemon/daemon.cpp:194	Node stopped.
2017-12-20 06:38:08.904	[SRV_MAIN]	INFO 	global	src/daemon/rpc.h:96	Deinitializing core rpc server...
2017-12-20 06:38:08.904	[SRV_MAIN]	INFO 	global	src/daemon/p2p.h:90	Deinitializing p2p...
2017-12-20 06:38:12.911	[SRV_MAIN]	INFO 	global	src/daemon/core.h:89	Deinitializing core...
2017-12-20 06:38:12.914	[SRV_MAIN]	INFO 	global	src/daemon/protocol.h:77	Stopping cryptonote protocol...
2017-12-20 06:38:12.914	[SRV_MAIN]	INFO 	global	src/daemon/protocol.h:81	Cryptonote protocol stopped successfully
